<?xml version="1.0" encoding="UTF-8"?>
<testsuite xmlns:xsi="http://www.w3.org/2001/XMLSchema-instance" xsi:noNamespaceSchemaLocation="https://maven.apache.org/surefire/maven-surefire-plugin/xsd/surefire-test-report.xsd" name="steps.RunTest" time="37.154" tests="3" errors="0" skipped="0" failures="0">
  <properties>
[...]
</properties>
  <testcase name="I want to login with correct credentials" classname="I want to test task six" time="9.555"/>
  <testcase name="I want to login with wrong credentials" classname="I want to test task six" time="13.747"/>
  <testcase name="I want to login with wrong credentials" classname="I want to test task six" time="13.673"/>
</testsuite>